Determining if the pthread_create exist failed with the following output:
Change Dir: /home/skpro19/botsync_ws/src/navigation/pp_local_planner/build/CMakeFiles/CMakeTmp

Run Build Command:"/usr/bin/make" "cmTC_0243d/fast"
/usr/bin/make -f CMakeFiles/cmTC_0243d.dir/build.make CMakeFiles/cmTC_0243d.dir/build
make[1]: Entering directory '/home/skpro19/botsync_ws/src/navigation/pp_local_planner/build/CMakeFiles/CMakeTmp'
Building C object CMakeFiles/cmTC_0243d.dir/CheckSymbolExists.c.o
/usr/bin/x86_64-linux-gnu-gcc-7    -o CMakeFiles/cmTC_0243d.dir/CheckSymbolExists.c.o   -c /home/skpro19/botsync_ws/src/navigation/pp_local_planner/build/CMakeFiles/CMakeTmp/CheckSymbolExists.c
Linking C executable cmTC_0243d
/usr/bin/cmake -E cmake_link_script CMakeFiles/cmTC_0243d.dir/link.txt --verbose=1
/usr/bin/x86_64-linux-gnu-gcc-7      -rdynamic CMakeFiles/cmTC_0243d.dir/CheckSymbolExists.c.o  -o cmTC_0243d 
CMakeFiles/cmTC_0243d.dir/CheckSymbolExists.c.o: In function `main':
CheckSymbolExists.c:(.text+0x1b): undefined reference to `pthread_create'
collect2: error: ld returned 1 exit status
CMakeFiles/cmTC_0243d.dir/build.make:97: recipe for target 'cmTC_0243d' failed
make[1]: *** [cmTC_0243d] Error 1
make[1]: Leaving directory '/home/skpro19/botsync_ws/src/navigation/pp_local_planner/build/CMakeFiles/CMakeTmp'
Makefile:126: recipe for target 'cmTC_0243d/fast' failed
make: *** [cmTC_0243d/fast] Error 2

File /home/skpro19/botsync_ws/src/navigation/pp_local_planner/build/CMakeFiles/CMakeTmp/CheckSymbolExists.c:
/* */
#include <pthread.h>

int main(int argc, char** argv)
{
  (void)argv;
#ifndef pthread_create
  return ((int*)(&pthread_create))[argc];
#else
  (void)argc;
  return 0;
#endif
}

Determining if the function pthread_create exists in the pthreads failed with the following output:
Change Dir: /home/skpro19/botsync_ws/src/navigation/pp_local_planner/build/CMakeFiles/CMakeTmp

Run Build Command:"/usr/bin/make" "cmTC_64e52/fast"
/usr/bin/make -f CMakeFiles/cmTC_64e52.dir/build.make CMakeFiles/cmTC_64e52.dir/build
make[1]: Entering directory '/home/skpro19/botsync_ws/src/navigation/pp_local_planner/build/CMakeFiles/CMakeTmp'
Building C object CMakeFiles/cmTC_64e52.dir/CheckFunctionExists.c.o
/usr/bin/x86_64-linux-gnu-gcc-7   -DCHECK_FUNCTION_EXISTS=pthread_create   -o CMakeFiles/cmTC_64e52.dir/CheckFunctionExists.c.o   -c /usr/share/cmake-3.10/Modules/CheckFunctionExists.c
Linking C executable cmTC_64e52
/usr/bin/cmake -E cmake_link_script CMakeFiles/cmTC_64e52.dir/link.txt --verbose=1
/usr/bin/x86_64-linux-gnu-gcc-7  -DCHECK_FUNCTION_EXISTS=pthread_create    -rdynamic CMakeFiles/cmTC_64e52.dir/CheckFunctionExists.c.o  -o cmTC_64e52 -lpthreads 
/usr/bin/ld: cannot find -lpthreads
collect2: error: ld returned 1 exit status
CMakeFiles/cmTC_64e52.dir/build.make:97: recipe for target 'cmTC_64e52' failed
make[1]: *** [cmTC_64e52] Error 1
make[1]: Leaving directory '/home/skpro19/botsync_ws/src/navigation/pp_local_planner/build/CMakeFiles/CMakeTmp'
Makefile:126: recipe for target 'cmTC_64e52/fast' failed
make: *** [cmTC_64e52/fast] Error 2


